<?xml version="1.0" encoding="UTF-8"?>
<!-- Generated by org.testng.reporters.JUnitXMLReporter -->
<testsuite ignored="1" hostname="LAPTOP-L8S5DE3P" failures="0" tests="1" name="Default test" time="21.682" errors="0" timestamp="2022-10-13T13:37:02 PDT">
  <testcase classname="TestCases.AddEmployeTest" name="addMultipleEmployees" time="17.755"/>
  <testcase classname="TestCases.AddEmployeTest" name="addEmployee" time="0.0">
    <ignored/>
  </testcase> <!-- addEmployee -->
</testsuite> <!-- Default test -->
