<?xml version="1.0" encoding="UTF-8"?>
<!-- Generated by org.testng.reporters.JUnitXMLReporter -->
<testsuite ignored="2" hostname="LAPTOP-L8S5DE3P" failures="0" tests="1" name="Test" time="11.842" errors="0" timestamp="2022-10-13T10:19:33 PDT">
  <testcase classname="TestCases.AddEmployeTest" name="addEmployee" time="8.062"/>
  <testcase classname="TestCases.LoginTest" name="invalidLoginErrorMessageValidation" time="0.0">
    <ignored/>
  </testcase> <!-- invalidLoginErrorMessageValidation -->
  <testcase classname="TestCases.LoginTest" name="adminLogin" time="0.0">
    <ignored/>
  </testcase> <!-- adminLogin -->
</testsuite> <!-- Test -->
