<?xml version="1.0" encoding="UTF-8"?>
<testng-results ignored="1" total="2" passed="1" failed="0" skipped="0">
  <reporter-output>
  </reporter-output>
  <suite started-at="2022-10-13T13:36:40 PDT" name="Default suite" finished-at="2022-10-13T13:37:02 PDT" duration-ms="21682">
    <groups>
    </groups>
    <test started-at="2022-10-13T13:36:40 PDT" name="Default test" finished-at="2022-10-13T13:37:02 PDT" duration-ms="21682">
      <class name="TestCases.AddEmployeTest">
        <test-method is-config="true" signature="openBrowser()[pri:0, instance:TestCases.AddEmployeTest@37d4349f]" started-at="2022-10-13T13:36:40 PDT" name="openBrowser" finished-at="2022-10-13T13:36:44 PDT" duration-ms="3765" status="PASS">
          <reporter-output>
          </reporter-output>
        </test-method> <!-- openBrowser -->
        <test-method signature="addMultipleEmployees()[pri:0, instance:TestCases.AddEmployeTest@37d4349f]" started-at="2022-10-13T13:36:44 PDT" name="addMultipleEmployees" finished-at="2022-10-13T13:37:02 PDT" duration-ms="17755" status="PASS">
          <reporter-output>
          </reporter-output>
        </test-method> <!-- addMultipleEmployees -->
        <test-method is-config="true" signature="tearDown()[pri:0, instance:TestCases.AddEmployeTest@37d4349f]" started-at="2022-10-13T13:37:02 PDT" name="tearDown" finished-at="2022-10-13T13:37:02 PDT" duration-ms="122" status="PASS">
          <reporter-output>
          </reporter-output>
        </test-method> <!-- tearDown -->
      </class> <!-- TestCases.AddEmployeTest -->
    </test> <!-- Default test -->
  </suite> <!-- Default suite -->
</testng-results>
